Arguments: 
  /Users/johnny/.nvm/versions/node/v14.17.5/bin/node /usr/local/Cellar/yarn/1.10.1/libexec/bin/yarn.js install

PATH: 
  /Users/johnny/.nvm/versions/node/v14.17.5/bin:/opt/iOSOpenDev/bin:/Users/johnny/.swiftenv/shims:/usr/local/bin:/usr/bin:/bin:/usr/sbin:/sbin:/usr/local/aria2/bin:/opt/X11/bin:/Library/Apple/usr/bin:/Users/johnny/Wiredcraft/flutter/bin:/Users/johnny/.gems/bin:/Users/johnny/.rvm/bin

Yarn version: 
  1.10.1

Node version: 
  14.17.5

Platform: 
  darwin x64

Trace: 
  SyntaxError: /Users/johnny/Downloads/mlm_rswift_demo/package.json: Unexpected token } in JSON at position 393
      at JSON.parse (<anonymous>)
      at /usr/local/Cellar/yarn/1.10.1/libexec/lib/cli.js:1136:59
      at Generator.next (<anonymous>)
      at step (/usr/local/Cellar/yarn/1.10.1/libexec/lib/cli.js:98:30)
      at /usr/local/Cellar/yarn/1.10.1/libexec/lib/cli.js:109:13

npm manifest: 
  {
    "name": "mlm_rswift_demo",
    "version": "1.0.0",
    "main": "index.js",
    "repository": "https://github.com/jhonny-me/mlm_rswift_demo.git",
    "author": "Johnny Gu <johnny@wiredcraft.com>",
    "license": "MIT",
    "mirrorrim": {
      "googleFileId": "1Ik0mRByqVFldbAjDvrwGFx_CrM6-fsEKN0IzZnAr7rI",
      "outputDir": "./mlm_rswift_demo/mlm_rswift_demo",
      "platforms": [
        "ios"
      ]
    },
  }

yarn manifest: 
  No manifest

Lockfile: 
  # THIS IS AN AUTOGENERATED FILE. DO NOT EDIT THIS FILE DIRECTLY.
  # yarn lockfile v1
  
  
  abort-controller@^3.0.0:
    version "3.0.0"
    resolved "https://registry.yarnpkg.com/abort-controller/-/abort-controller-3.0.0.tgz#eaf54d53b62bae4138e809ca225c8439a6efb392"
    integrity sha512-h8lQ8tacZYnR3vNQTgibj+tODHI5/+l06Au2Pcriv/Gmet0eaj4TwWH41sO9wnHDiQsEj19q0drzdWdeAHtweg==
    dependencies:
      event-target-shim "^5.0.0"
  
  add-filename-increment@^1.0.0:
    version "1.0.0"
    resolved "https://registry.yarnpkg.com/add-filename-increment/-/add-filename-increment-1.0.0.tgz#106feea10dcda5d2bfe25a5e83d347382f9dd97d"
    integrity sha512-pFV8VZX8jxuVMIycKvGZkWF/ihnUubu9lbQVnOnZWp7noVxbKQTNj7zG2y9fXdPcuZ6lAN3Drr517HaivGCjdQ==
    dependencies:
      strip-filename-increment "^2.0.1"
  
  agent-base@6:
    version "6.0.2"
    resolved "https://registry.yarnpkg.com/agent-base/-/agent-base-6.0.2.tgz#49fff58577cfee3f37176feab4c22e00f86d7f77"
    integrity sha512-RZNwNclF7+MS/8bDg70amg32dyeZGZxiDuQmZxKLAlQjr3jGyLx+4Kkk58UO7D2QdgFIQCovuSuZESne6RG6XQ==
    dependencies:
      debug "4"
  
  arrify@^2.0.0:
    version "2.0.1"
    resolved "https://registry.yarnpkg.com/arrify/-/arrify-2.0.1.tgz#c9655e9331e0abcd588d2a7cad7e9956f66701fa"
    integrity sha512-3duEwti880xqi4eAMN8AyR4a0ByT90zoYdLlevfrvU43vb0YZwZVfxOgxWrLXXXpyugL0hNZc9G6BiB5B3nUug==
  
  base64-js@^1.3.0:
    version "1.5.1"
    resolved "https://registry.yarnpkg.com/base64-js/-/base64-js-1.5.1.tgz#1b1b440160a5bf7ad40b650f095963481903930a"
    integrity sha512-AKpaYlHn8t4SVbOHCy+b5+KKgvR4vrsD8vbvrbiQJps7fKDTkjkDry6ji0rUJjC0kzbNePLwzxq8iypo41qeWA==
  
  bignumber.js@^9.0.0:
    version "9.0.2"
    resolved "https://registry.yarnpkg.com/bignumber.js/-/bignumber.js-9.0.2.tgz#71c6c6bed38de64e24a65ebe16cfcf23ae693673"
    integrity sha512-GAcQvbpsM0pUb0zw1EI0KhQEZ+lRwR5fYaAp3vPOYuP7aDvGy6cVN6XHLauvF8SOga2y0dcLcjt3iQDTSEliyw==
  
  buffer-equal-constant-time@1.0.1:
    version "1.0.1"
    resolved "https://registry.yarnpkg.com/buffer-equal-constant-time/-/buffer-equal-constant-time-1.0.1.tgz#f8e71132f7ffe6e01a5c9697a4c6f3e48d5cc819"
    integrity sha1-+OcRMvf/5uAaXJaXpMbz5I1cyBk=
  
  call-bind@^1.0.0:
    version "1.0.2"
    resolved "https://registry.yarnpkg.com/call-bind/-/call-bind-1.0.2.tgz#b1d4e89e688119c3c9a903ad30abb2f6a919be3c"
    integrity sha512-7O+FbCihrB5WGbFYesctwmTKae6rOiIzmz1icreWJ+0aA7LJfuqhEso2T9ncpcFtzMQtzXf2QGGueWJGTYsqrA==
    dependencies:
      function-bind "^1.1.1"
      get-intrinsic "^1.0.2"
  
  commander@^9.0.0:
    version "9.0.0"
    resolved "https://registry.yarnpkg.com/commander/-/commander-9.0.0.tgz#86d58f24ee98126568936bd1d3574e0308a99a40"
    integrity sha512-JJfP2saEKbQqvW+FI93OYUB4ByV5cizMpFMiiJI8xDbBvQvSkIk0VvQdn1CZ8mqAO8Loq2h0gYTYtDFUZUeERw==
  
  csv-parser@^3.0.0:
    version "3.0.0"
    resolved "https://registry.yarnpkg.com/csv-parser/-/csv-parser-3.0.0.tgz#b88a6256d79e090a97a1b56451f9327b01d710e7"
    integrity sha512-s6OYSXAK3IdKqYO33y09jhypG/bSDHPuyCme/IdEHfWpLf/jKcpitVFyOC6UemgGk8v7Q5u2XE0vvwmanxhGlQ==
    dependencies:
      minimist "^1.2.0"
  
  debug@4:
    version "4.3.3"
    resolved "https://registry.yarnpkg.com/debug/-/debug-4.3.3.tgz#04266e0b70a98d4462e6e288e38259213332b664"
    integrity sha512-/zxw5+vh1Tfv+4Qn7a5nsbcJKPaSvCDhojn6FEl9vupwK2VCSDtEiEtqr8DFtzYFOdz63LBkxec7DYuc2jon6Q==
    dependencies:
      ms "2.1.2"
  
  ecdsa-sig-formatter@1.0.11, ecdsa-sig-formatter@^1.0.11:
    version "1.0.11"
    resolved "https://registry.yarnpkg.com/ecdsa-sig-formatter/-/ecdsa-sig-formatter-1.0.11.tgz#ae0f0fa2d85045ef14a817daa3ce9acd0489e5bf"
    integrity sha512-nagl3RYrbNv6kQkeJIpt6NJZy8twLB/2vtz6yN9Z4vRKHN4/QZJIEbqohALSgwKdnksuY3k5Addp5lg8sVoVcQ==
    dependencies:
      safe-buffer "^5.0.1"
  
  event-target-shim@^5.0.0:
    version "5.0.1"
    resolved "https://registry.yarnpkg.com/event-target-shim/-/event-target-shim-5.0.1.tgz#5d4d3ebdf9583d63a5333ce2deb7480ab2b05789"
    integrity sha512-i/2XbnSz/uxRCU6+NdVJgKWDTM427+MqYbkQzD321DuCQJUqOuJKIA0IM2+W2xtYHdKOmZ4dR6fExsd4SXL+WQ==
  
  extend@^3.0.2:
    version "3.0.2"
    resolved "https://registry.yarnpkg.com/extend/-/extend-3.0.2.tgz#f8b1136b4071fbd8eb140aff858b1019ec2915fa"
    integrity sha512-fjquC59cD7CyW6urNXK0FBufkZcoiGG80wTuPujX590cB5Ttln20E2UB4S/WARVqhXffZl2LNgS+gQdPIIim/g==
  
  fast-text-encoding@^1.0.0:
    version "1.0.3"
    resolved "https://registry.yarnpkg.com/fast-text-encoding/-/fast-text-encoding-1.0.3.tgz#ec02ac8e01ab8a319af182dae2681213cfe9ce53"
    integrity sha512-dtm4QZH9nZtcDt8qJiOH9fcQd1NAgi+K1O2DbE6GG1PPCK/BWfOH3idCTRQ4ImXRUOyopDEgDEnVEE7Y/2Wrig==
  
  function-bind@^1.1.1:
    version "1.1.1"
    resolved "https://registry.yarnpkg.com/function-bind/-/function-bind-1.1.1.tgz#a56899d3ea3c9bab874bb9773b7c5ede92f4895d"
    integrity sha512-yIovAzMX49sF8Yl58fSCWJ5svSLuaibPxXQJFLmBObTuCr0Mf1KiPopGM9NiFjiYBCbfaa2Fh6breQ6ANVTI0A==
  
  gaxios@^4.0.0:
    version "4.3.2"
    resolved "https://registry.yarnpkg.com/gaxios/-/gaxios-4.3.2.tgz#845827c2dc25a0213c8ab4155c7a28910f5be83f"
    integrity sha512-T+ap6GM6UZ0c4E6yb1y/hy2UB6hTrqhglp3XfmU9qbLCGRYhLVV5aRPpC4EmoG8N8zOnkYCgoBz+ScvGAARY6Q==
    dependencies:
      abort-controller "^3.0.0"
      extend "^3.0.2"
      https-proxy-agent "^5.0.0"
      is-stream "^2.0.0"
      node-fetch "^2.6.1"
  
  gcp-metadata@^4.2.0:
    version "4.3.1"
    resolved "https://registry.yarnpkg.com/gcp-metadata/-/gcp-metadata-4.3.1.tgz#fb205fe6a90fef2fd9c85e6ba06e5559ee1eefa9"
    integrity sha512-x850LS5N7V1F3UcV7PoupzGsyD6iVwTVvsh3tbXfkctZnBnjW5yu5z1/3k3SehF7TyoTIe78rJs02GMMy+LF+A==
    dependencies:
      gaxios "^4.0.0"
      json-bigint "^1.0.0"
  
  get-intrinsic@^1.0.2:
    version "1.1.1"
    resolved "https://registry.yarnpkg.com/get-intrinsic/-/get-intrinsic-1.1.1.tgz#15f59f376f855c446963948f0d24cd3637b4abc6"
    integrity sha512-kWZrnVM42QCiEA2Ig1bG8zjoIMOgxWwYCEeNdwY6Tv/cOSeGpcoX4pXHfKUxNKVoArnrEr2e9srnAxxGIraS9Q==
    dependencies:
      function-bind "^1.1.1"
      has "^1.0.3"
      has-symbols "^1.0.1"
  
  google-auth-library@^7.0.2, google-auth-library@^7.14.0:
    version "7.14.0"
    resolved "https://registry.yarnpkg.com/google-auth-library/-/google-auth-library-7.14.0.tgz#9d6a20592f7b4d4c463cd3e93934c4b1711d5dc6"
    integrity sha512-or8r7qUqGVI3W8lVSdPh0ZpeFyQHeE73g5c0p+bLNTTUFXJ+GSeDQmZRZ2p4H8cF/RJYa4PNvi/A1ar1uVNLFA==
    dependencies:
      arrify "^2.0.0"
      base64-js "^1.3.0"
      ecdsa-sig-formatter "^1.0.11"
      fast-text-encoding "^1.0.0"
      gaxios "^4.0.0"
      gcp-metadata "^4.2.0"
      gtoken "^5.0.4"
      jws "^4.0.0"
      lru-cache "^6.0.0"
  
  google-p12-pem@^3.1.3:
    version "3.1.3"
    resolved "https://registry.yarnpkg.com/google-p12-pem/-/google-p12-pem-3.1.3.tgz#5497998798ee86c2fc1f4bb1f92b7729baf37537"
    integrity sha512-MC0jISvzymxePDVembypNefkAQp+DRP7dBE+zNUPaIjEspIlYg0++OrsNr248V9tPbz6iqtZ7rX1hxWA5B8qBQ==
    dependencies:
      node-forge "^1.0.0"
  
  googleapis-common@^5.0.2:
    version "5.1.0"
    resolved "https://registry.yarnpkg.com/googleapis-common/-/googleapis-common-5.1.0.tgz#845a79471c787e522e03c50d415467140e9e356a"
    integrity sha512-RXrif+Gzhq1QAzfjxulbGvAY3FPj8zq/CYcvgjzDbaBNCD6bUl+86I7mUs4DKWHGruuK26ijjR/eDpWIDgNROA==
    dependencies:
      extend "^3.0.2"
      gaxios "^4.0.0"
      google-auth-library "^7.14.0"
      qs "^6.7.0"
      url-template "^2.0.8"
      uuid "^8.0.0"
  
  googleapis@^96.0.0:
    version "96.0.0"
    resolved "https://registry.yarnpkg.com/googleapis/-/googleapis-96.0.0.tgz#95bdf0e57bc912581ba7bc10eb202301f2b05dc1"
    integrity sha512-tEQtcukxA4sW1OXh35teJbui+BIjMTghH6i0tvUctyXgMDO0Upu3+hrytrw9JqZJxtXReM3Wr5+g4U7veqHpBQ==
    dependencies:
      google-auth-library "^7.0.2"
      googleapis-common "^5.0.2"
  
  gtoken@^5.0.4:
    version "5.3.2"
    resolved "https://registry.yarnpkg.com/gtoken/-/gtoken-5.3.2.tgz#deb7dc876abe002178e0515e383382ea9446d58f"
    integrity sha512-gkvEKREW7dXWF8NV8pVrKfW7WqReAmjjkMBh6lNCCGOM4ucS0r0YyXXl0r/9Yj8wcW/32ISkfc8h5mPTDbtifQ==
    dependencies:
      gaxios "^4.0.0"
      google-p12-pem "^3.1.3"
      jws "^4.0.0"
  
  has-symbols@^1.0.1:
    version "1.0.3"
    resolved "https://registry.yarnpkg.com/has-symbols/-/has-symbols-1.0.3.tgz#bb7b2c4349251dce87b125f7bdf874aa7c8b39f8"
    integrity sha512-l3LCuF6MgDNwTDKkdYGEihYjt5pRPbEg46rtlmnSPlUbgmB8LOIrKJbYYFBSbnPaJexMKtiPO8hmeRjRz2Td+A==
  
  has@^1.0.3:
    version "1.0.3"
    resolved "https://registry.yarnpkg.com/has/-/has-1.0.3.tgz#722d7cbfc1f6aa8241f16dd814e011e1f41e8796"
    integrity sha512-f2dvO0VU6Oej7RkWJGrehjbzMAjFp5/VKPp5tTpWIV4JHHZK1/BxbFRtf/siA2SWTe09caDmVtYYzWEIbBS4zw==
    dependencies:
      function-bind "^1.1.1"
  
  https-proxy-agent@^5.0.0:
    version "5.0.0"
    resolved "https://registry.yarnpkg.com/https-proxy-agent/-/https-proxy-agent-5.0.0.tgz#e2a90542abb68a762e0a0850f6c9edadfd8506b2"
    integrity sha512-EkYm5BcKUGiduxzSt3Eppko+PiNWNEpa4ySk9vTC6wDsQJW9rHSa+UhGNJoRYp7bz6Ht1eaRIa6QaJqO5rCFbA==
    dependencies:
      agent-base "6"
      debug "4"
  
  is-stream@^2.0.0:
    version "2.0.1"
    resolved "https://registry.yarnpkg.com/is-stream/-/is-stream-2.0.1.tgz#fac1e3d53b97ad5a9d0ae9cef2389f5810a5c077"
    integrity sha512-hFoiJiTl63nn+kstHGBtewWSKnQLpyb155KHheA1l39uvtO9nWIop1p3udqPcUd/xbF1VLMO4n7OI6p7RbngDg==
  
  json-bigint@^1.0.0:
    version "1.0.0"
    resolved "https://registry.yarnpkg.com/json-bigint/-/json-bigint-1.0.0.tgz#ae547823ac0cad8398667f8cd9ef4730f5b01ff1"
    integrity sha512-SiPv/8VpZuWbvLSMtTDU8hEfrZWg/mH/nV/b4o0CYbSxu1UIQPLdwKOCIyLQX+VIPO5vrLX3i8qtqFyhdPSUSQ==
    dependencies:
      bignumber.js "^9.0.0"
  
  jwa@^2.0.0:
    version "2.0.0"
    resolved "https://registry.yarnpkg.com/jwa/-/jwa-2.0.0.tgz#a7e9c3f29dae94027ebcaf49975c9345593410fc"
    integrity sha512-jrZ2Qx916EA+fq9cEAeCROWPTfCwi1IVHqT2tapuqLEVVDKFDENFw1oL+MwrTvH6msKxsd1YTDVw6uKEcsrLEA==
    dependencies:
      buffer-equal-constant-time "1.0.1"
      ecdsa-sig-formatter "1.0.11"
      safe-buffer "^5.0.1"
  
  jws@^4.0.0:
    version "4.0.0"
    resolved "https://registry.yarnpkg.com/jws/-/jws-4.0.0.tgz#2d4e8cf6a318ffaa12615e9dec7e86e6c97310f4"
    integrity sha512-KDncfTmOZoOMTFG4mBlG0qUIOlc03fmzH+ru6RgYVZhPkyiy/92Owlt/8UEN+a4TXR1FQetfIpJE8ApdvdVxTg==
    dependencies:
      jwa "^2.0.0"
      safe-buffer "^5.0.1"
  
  lru-cache@^6.0.0:
    version "6.0.0"
    resolved "https://registry.yarnpkg.com/lru-cache/-/lru-cache-6.0.0.tgz#6d6fe6570ebd96aaf90fcad1dafa3b2566db3a94"
    integrity sha512-Jo6dJ04CmSjuznwJSS3pUeWmd/H0ffTlkXXgwZi+eq1UCmqQwCh+eLsYOYCwY991i2Fah4h1BEMCx4qThGbsiA==
    dependencies:
      yallist "^4.0.0"
  
  minimist@^1.2.0:
    version "1.2.5"
    resolved "https://registry.yarnpkg.com/minimist/-/minimist-1.2.5.tgz#67d66014b66a6a8aaa0c083c5fd58df4e4e97602"
    integrity sha512-FM9nNUYrRBAELZQT3xeZQ7fmMOBg6nWNmJKTcgsJeaLstP/UODVpGsr5OhXhhXg6f+qtJ8uiZ+PUxkDWcgIXLw==
  
  "mirrorrim@link:../../Wiredcraft/projects/multi-language-mobile":
    version "0.0.0"
    uid ""
  
  "mirrorrim@link:/Users/johnny/Wiredcraft/projects/multi-language-mobile":
    version "1.0.3"
    dependencies:
      commander "^9.0.0"
      csv-parser "^3.0.0"
      googleapis "^96.0.0"
      ramda "^0.27.1"
      write "^2.0.0"
  
  ms@2.1.2:
    version "2.1.2"
    resolved "https://registry.yarnpkg.com/ms/-/ms-2.1.2.tgz#d09d1f357b443f493382a8eb3ccd183872ae6009"
    integrity sha512-sGkPx+VjMtmA6MX27oA4FBFELFCZZ4S4XqeGOXCv68tT+jb3vk/RyaKWP0PTKyWtmLSM0b+adUTEvbs1PEaH2w==
  
  node-fetch@^2.6.1:
    version "2.6.7"
    resolved "https://registry.yarnpkg.com/node-fetch/-/node-fetch-2.6.7.tgz#24de9fba827e3b4ae44dc8b20256a379160052ad"
    integrity sha512-ZjMPFEfVx5j+y2yF35Kzx5sF7kDzxuDj6ziH4FFbOp87zKDZNx8yExJIb05OGF4Nlt9IHFIMBkRl41VdvcNdbQ==
    dependencies:
      whatwg-url "^5.0.0"
  
  node-forge@^1.0.0:
    version "1.2.1"
    resolved "https://registry.yarnpkg.com/node-forge/-/node-forge-1.2.1.tgz#82794919071ef2eb5c509293325cec8afd0fd53c"
    integrity sha512-Fcvtbb+zBcZXbTTVwqGA5W+MKBj56UjVRevvchv5XrcyXbmNdesfZL37nlcWOfpgHhgmxApw3tQbTr4CqNmX4w==
  
  object-inspect@^1.9.0:
    version "1.12.0"
    resolved "https://registry.yarnpkg.com/object-inspect/-/object-inspect-1.12.0.tgz#6e2c120e868fd1fd18cb4f18c31741d0d6e776f0"
    integrity sha512-Ho2z80bVIvJloH+YzRmpZVQe87+qASmBUKZDWgx9cu+KDrX2ZDH/3tMy+gXbZETVGs2M8YdxObOh7XAtim9Y0g==
  
  qs@^6.7.0:
    version "6.10.3"
    resolved "https://registry.yarnpkg.com/qs/-/qs-6.10.3.tgz#d6cde1b2ffca87b5aa57889816c5f81535e22e8e"
    integrity sha512-wr7M2E0OFRfIfJZjKGieI8lBKb7fRCH4Fv5KNPEs7gJ8jadvotdsS08PzOKR7opXhZ/Xkjtt3WF9g38drmyRqQ==
    dependencies:
      side-channel "^1.0.4"
  
  ramda@^0.27.1:
    version "0.27.2"
    resolved "https://registry.yarnpkg.com/ramda/-/ramda-0.27.2.tgz#84463226f7f36dc33592f6f4ed6374c48306c3f1"
    integrity sha512-SbiLPU40JuJniHexQSAgad32hfwd+DRUdwF2PlVuI5RZD0/vahUco7R8vD86J/tcEKKF9vZrUVwgtmGCqlCKyA==
  
  safe-buffer@^5.0.1:
    version "5.2.1"
    resolved "https://registry.yarnpkg.com/safe-buffer/-/safe-buffer-5.2.1.tgz#1eaf9fa9bdb1fdd4ec75f58f9cdb4e6b7827eec6"
    integrity sha512-rp3So07KcdmmKbGvgaNxQSJr7bGVSVk5S9Eq1F+ppbRo70+YeaDxkw5Dd8NPN+GD6bjnYm2VuPuCXmpuYvmCXQ==
  
  side-channel@^1.0.4:
    version "1.0.4"
    resolved "https://registry.yarnpkg.com/side-channel/-/side-channel-1.0.4.tgz#efce5c8fdc104ee751b25c58d4290011fa5ea2cf"
    integrity sha512-q5XPytqFEIKHkGdiMIrY10mvLRvnQh42/+GoBlFW3b2LXLE2xxJpZFdm94we0BaoV3RwJyGqg5wS7epxTv0Zvw==
    dependencies:
      call-bind "^1.0.0"
      get-intrinsic "^1.0.2"
      object-inspect "^1.9.0"
  
  strip-filename-increment@^2.0.1:
    version "2.0.1"
    resolved "https://registry.yarnpkg.com/strip-filename-increment/-/strip-filename-increment-2.0.1.tgz#3feca2ebd529d4cdcad0281a9bbb2660b096fcc6"
    integrity sha512-+v5xsiTTsdYqkPj7qz1zlngIsjZedhHDi3xp/9bMurV8kXe9DAr732gNVqtt4X8sI3hOqS3nlFfps5gyVcux6w==
  
  tr46@~0.0.3:
    version "0.0.3"
    resolved "https://registry.yarnpkg.com/tr46/-/tr46-0.0.3.tgz#8184fd347dac9cdc185992f3a6622e14b9d9ab6a"
    integrity sha1-gYT9NH2snNwYWZLzpmIuFLnZq2o=
  
  url-template@^2.0.8:
    version "2.0.8"
    resolved "https://registry.yarnpkg.com/url-template/-/url-template-2.0.8.tgz#fc565a3cccbff7730c775f5641f9555791439f21"
    integrity sha1-/FZaPMy/93MMd19WQflVV5FDnyE=
  
  uuid@^8.0.0:
    version "8.3.2"
    resolved "https://registry.yarnpkg.com/uuid/-/uuid-8.3.2.tgz#80d5b5ced271bb9af6c445f21a1a04c606cefbe2"
    integrity sha512-+NYs2QeMWy+GWFOEm9xnn6HCDp0l7QBD7ml8zLUmJ+93Q5NF0NocErnwkTkXVFNiX3/fpC6afS8Dhb/gz7R7eg==
  
  webidl-conversions@^3.0.0:
    version "3.0.1"
    resolved "https://registry.yarnpkg.com/webidl-conversions/-/webidl-conversions-3.0.1.tgz#24534275e2a7bc6be7bc86611cc16ae0a5654871"
    integrity sha1-JFNCdeKnvGvnvIZhHMFq4KVlSHE=
  
  whatwg-url@^5.0.0:
    version "5.0.0"
    resolved "https://registry.yarnpkg.com/whatwg-url/-/whatwg-url-5.0.0.tgz#966454e8765462e37644d3626f6742ce8b70965d"
    integrity sha1-lmRU6HZUYuN2RNNib2dCzotwll0=
    dependencies:
      tr46 "~0.0.3"
      webidl-conversions "^3.0.0"
  
  write@^2.0.0:
    version "2.0.0"
    resolved "https://registry.yarnpkg.com/write/-/write-2.0.0.tgz#d6320a5f764fbd6ee93022f61273d62fa23dbd04"
    integrity sha512-yam9TAqN8sAZokECAejo9HpT2j2s39OgK8i8yxadrFBVo+iSWLfnipRVFulfAw1d2dz5vSuGmlMHYRKG4fysOA==
    dependencies:
      add-filename-increment "^1.0.0"
  
  yallist@^4.0.0:
    version "4.0.0"
    resolved "https://registry.yarnpkg.com/yallist/-/yallist-4.0.0.tgz#9bb92790d9c0effec63be73519e11a35019a3a72"
    integrity sha512-3wdGidZyq5PB084XLES5TpOSRA3wjXAlIWMhum2kRcv/41Sn2emQ0dycQW4uZXLejwKvg6EsvbdlVL+FYEct7A==
